20/04/07 01:04:57 ERROR SparkUncaughtExceptionHandler: Uncaught exception in thread Thread[main,5,main]
java.util.NoSuchElementException: key not found: _PYSPARK_DRIVER_CALLBACK_HOST
	at scala.collection.MapLike$class.default(MapLike.scala:228)
	at scala.collection.AbstractMap.default(Map.scala:59)
	at scala.collection.MapLike$class.apply(MapLike.scala:141)
	at scala.collection.AbstractMap.apply(Map.scala:59)
	at org.apache.spark.api.python.PythonGatewayServer$$anonfun$main$1.apply$mcV$sp(PythonGatewayServer.scala:50)
	at org.apache.spark.util.Utils$.tryOrExit(Utils.scala:1262)
	at org.apache.spark.api.python.PythonGatewayServer$.main(PythonGatewayServer.scala:37)
	at org.apache.spark.api.python.PythonGatewayServer.main(PythonGatewayServer.scala)
	at java.base/jdk.internal.reflect.NativeMethodAccessorImpl.invoke0(Native Method)
	at java.base/jdk.internal.reflect.NativeMethodAccessorImpl.invoke(NativeMethodAccessorImpl.java:62)
	at java.base/jdk.internal.reflect.DelegatingMethodAccessorImpl.invoke(DelegatingMethodAccessorImpl.java:43)
	at java.base/java.lang.reflect.Method.invoke(Method.java:566)
	at org.apache.spark.deploy.SparkSubmit$.org$apache$spark$deploy$SparkSubmit$$runMain(SparkSubmit.scala:755)
	at org.apache.spark.deploy.SparkSubmit$.doRunMain$1(SparkSubmit.scala:180)
	at org.apache.spark.deploy.SparkSubmit$.submit(SparkSubmit.scala:205)
	at org.apache.spark.deploy.SparkSubmit$.main(SparkSubmit.scala:119)
	at org.apache.spark.deploy.SparkSubmit.main(SparkSubmit.scala)
20/04/07 01:05:33 ERROR SparkUncaughtExceptionHandler: Uncaught exception in thread Thread[main,5,main]
java.util.NoSuchElementException: key not found: _PYSPARK_DRIVER_CALLBACK_HOST
	at scala.collection.MapLike$class.default(MapLike.scala:228)
	at scala.collection.AbstractMap.default(Map.scala:59)
	at scala.collection.MapLike$class.apply(MapLike.scala:141)
	at scala.collection.AbstractMap.apply(Map.scala:59)
	at org.apache.spark.api.python.PythonGatewayServer$$anonfun$main$1.apply$mcV$sp(PythonGatewayServer.scala:50)
	at org.apache.spark.util.Utils$.tryOrExit(Utils.scala:1262)
	at org.apache.spark.api.python.PythonGatewayServer$.main(PythonGatewayServer.scala:37)
	at org.apache.spark.api.python.PythonGatewayServer.main(PythonGatewayServer.scala)
	at java.base/jdk.internal.reflect.NativeMethodAccessorImpl.invoke0(Native Method)
	at java.base/jdk.internal.reflect.NativeMethodAccessorImpl.invoke(NativeMethodAccessorImpl.java:62)
	at java.base/jdk.internal.reflect.DelegatingMethodAccessorImpl.invoke(DelegatingMethodAccessorImpl.java:43)
	at java.base/java.lang.reflect.Method.invoke(Method.java:566)
	at org.apache.spark.deploy.SparkSubmit$.org$apache$spark$deploy$SparkSubmit$$runMain(SparkSubmit.scala:755)
	at org.apache.spark.deploy.SparkSubmit$.doRunMain$1(SparkSubmit.scala:180)
	at org.apache.spark.deploy.SparkSubmit$.submit(SparkSubmit.scala:205)
	at org.apache.spark.deploy.SparkSubmit$.main(SparkSubmit.scala:119)
	at org.apache.spark.deploy.SparkSubmit.main(SparkSubmit.scala)
